#
# A fatal error has been detected by the Java Runtime Environment:
#
#  SIGSEGV (0xb) at pc=0x00007f5e0687793f, pid=12231, tid=0x00007f5dece8f700
#
# JRE version: OpenJDK Runtime Environment (8.0_222-b10) (build 1.8.0_222-8u222-b10-1ubuntu1~18.04.1-b10)
# Java VM: OpenJDK 64-Bit Server VM (25.222-b10 mixed mode linux-amd64 compressed oops)
# Problematic frame:
# C  [libjdwp.so+0x2693f]
#
# Failed to write core dump. Core dumps have been disabled. To enable core dumping, try "ulimit -c unlimited" before starting Java again
#
# If you would like to submit a bug report, please visit:
#   http://bugreport.java.com/bugreport/crash.jsp
# The crash happened outside the Java Virtual Machine in native code.
# See problematic frame for where to report the bug.
#

---------------  T H R E A D  ---------------

Current thread (0x00007f5e001dd000):  JavaThread "JDWP Event Helper Thread" daemon [_thread_in_native, id=12254, stack(0x00007f5decd8f000,0x00007f5dece90000)]

siginfo: si_signo: 11 (SIGSEGV), si_code: 1 (SEGV_MAPERR), si_addr: 0x0000000000000000

Registers:
RAX=0x00007f5e06a8b760, RBX=0x00007f5e06a8bb40, RCX=0x0000000000000000, RDX=0xffffffffffffffff
RSP=0x00007f5dece8ece0, RBP=0x00007f5dece8ecf0, RSI=0x00007f5e001dcb70, RDI=0x0000000000000000
R8 =0x0000000000000000, R9 =0x0000000000000000, R10=0x0000000000000000, R11=0x0000000000000206
R12=0x00007f5e06a8bf00, R13=0x0000000000000000, R14=0x0000000000000000, R15=0x0000000000000078
RIP=0x00007f5e0687793f, EFLAGS=0x0000000000010246, CSGSFS=0x002b000000000033, ERR=0x0000000000000004
  TRAPNO=0x000000000000000e

Top of Stack: (sp=0x00007f5dece8ece0)
0x00007f5dece8ece0:   00007f5e06a8bb40 00007f5e06a8bf00
0x00007f5dece8ecf0:   00007f5dece8ed40 00007f5e0686a4d4
0x00007f5dece8ed00:   00007f5e001dd000 00007f5e001dd1e0
0x00007f5dece8ed10:   00007f5dece8ee10 00007f5e001dd000
0x00007f5dece8ed20:   00007f5e08980c84 00007f5e0897c62c
0x00007f5dece8ed30:   00007f5e001dd000 00007f5e001dd9b0
0x00007f5dece8ed40:   00007f5dece8ed70 00007f5e0816e855
0x00007f5dece8ed50:   00007f5dece8ed70 00007f5dece8eda0
0x00007f5dece8ed60:   00007f5e001dddd8 00007f5e001dda00
0x00007f5dece8ed70:   00007f5dece8ee10 00007f5e08467023
0x00007f5dece8ed80:   00007f5e001dddd8 00000000000003d8
0x00007f5dece8ed90:   00007f5e001dd000 00000000000003d8
0x00007f5dece8eda0:   00007f5e001dd000 00007f5e001ddde0
0x00007f5dece8edb0:   00007f5e001dde20 00007f5e001dde30
0x00007f5dece8edc0:   00007f5e001ddf08 00000000000000d8
0x00007f5dece8edd0:   00007f5e001de040 a1aa8dc325815300
0x00007f5dece8ede0:   0000000000000000 00007f5e001dd000
0x00007f5dece8edf0:   00007f5e001dd9f0 00007f5e001dda00
0x00007f5dece8ee00:   00007f5e001dd9b0 00007f5e001dda00
0x00007f5dece8ee10:   00007f5dece8eeb0 00007f5e084681e8
0x00007f5dece8ee20:   00000000000003d8 00007f5e001dddd8
0x00007f5dece8ee30:   00002fde00000018 0000000000000006
0x00007f5dece8ee40:   0000000000000000 00007f5e001dd000
0x00007f5dece8ee50:   00007f5dece8eeb0 00007f5e082c0d3a
0x00007f5dece8ee60:   00007f5e0853e777 00007f5e001deba0
0x00007f5dece8ee70:   00007f5dece8eeb0 a1aa8dc325815300
0x00007f5dece8ee80:   00007f5dece8eeb0 00007f5e001deba0
0x00007f5dece8ee90:   00007f5e001deab0 00007f5e001dd000
0x00007f5dece8eea0:   00007f5e001dd000 00007f5e097df8a0
0x00007f5dece8eeb0:   00007f5dece8eef0 00007f5e08301732
0x00007f5dece8eec0:   0000000000000000 0000000000000000
0x00007f5dece8eed0:   00007f5dece8efc0 0000000000000000 

Instructions: (pc=0x00007f5e0687793f)
0x00007f5e0687791f:   00 55 48 89 fe 48 c7 c2 ff ff ff ff 48 89 e5 41
0x00007f5e0687792f:   54 4c 8d 25 c9 45 21 00 53 49 8b 04 24 48 8b 38
0x00007f5e0687793f:   48 8b 07 ff 90 10 01 00 00 83 f8 34 0f 84 8f 00
0x00007f5e0687794f:   00 00 83 f8 70 89 c3 74 68 85 db 74 71 89 df 4c 

Register to memory mapping:

RAX=0x00007f5e06a8b760: <offset 0x23a760> in /usr/lib/jvm/java-8-openjdk-amd64/jre/lib/amd64/libjdwp.so at 0x00007f5e06851000
RBX=0x00007f5e06a8bb40: <offset 0x23ab40> in /usr/lib/jvm/java-8-openjdk-amd64/jre/lib/amd64/libjdwp.so at 0x00007f5e06851000
RCX=0x0000000000000000 is an unknown value
RDX=0xffffffffffffffff is an unknown value
RSP=0x00007f5dece8ece0 is pointing into the stack for thread: 0x00007f5e001dd000
RBP=0x00007f5dece8ecf0 is pointing into the stack for thread: 0x00007f5e001dd000
RSI=0x00007f5e001dcb70 is an unknown value
RDI=0x0000000000000000 is an unknown value
R8 =0x0000000000000000 is an unknown value
R9 =0x0000000000000000 is an unknown value
R10=0x0000000000000000 is an unknown value
R11=0x0000000000000206 is an unknown value
R12=0x00007f5e06a8bf00: <offset 0x23af00> in /usr/lib/jvm/java-8-openjdk-amd64/jre/lib/amd64/libjdwp.so at 0x00007f5e06851000
R13=0x0000000000000000 is an unknown value
R14=0x0000000000000000 is an unknown value
R15=0x0000000000000078 is an unknown value


Stack: [0x00007f5decd8f000,0x00007f5dece90000],  sp=0x00007f5dece8ece0,  free space=1023k
Native frames: (J=compiled Java code, j=interpreted, Vv=VM code, C=native code)
C  [libjdwp.so+0x2693f]
C  [libjdwp.so+0x194d4]
V  [libjvm.so+0x75d855]
V  [libjvm.so+0xa56023]
V  [libjvm.so+0xa571e8]
V  [libjvm.so+0x8f0732]
C  [libpthread.so.0+0x76db]  start_thread+0xdb


---------------  P R O C E S S  ---------------

Java Threads: ( => current thread )
  0x00007f5e005a6000 JavaThread "Service Thread" daemon [_thread_blocked, id=12260, stack(0x00007f5dec6c6000,0x00007f5dec7c7000)]
  0x00007f5e005a2000 JavaThread "C1 CompilerThread2" daemon [_thread_blocked, id=12259, stack(0x00007f5dec7c8000,0x00007f5dec8c8000)]
  0x00007f5e0059b800 JavaThread "C2 CompilerThread1" daemon